<html>
<head>
<title>TestNG:  Default test</title>
<link href="../testng.css" rel="stylesheet" type="text/css" />
<link href="../my-testng.css" rel="stylesheet" type="text/css" />

<style type="text/css">
.log { display: none;} 
.stack-trace { display: none;} 
</style>
<script type="text/javascript">
<!--
function flip(e) {
  current = e.style.display;
  if (current == 'block') {
    e.style.display = 'none';
    return 0;
  }
  else {
    e.style.display = 'block';
    return 1;
  }
}

function toggleBox(szDivId, elem, msg1, msg2)
{
  var res = -1;  if (document.getElementById) {
    res = flip(document.getElementById(szDivId));
  }
  else if (document.all) {
    // this is the way old msie versions work
    res = flip(document.all[szDivId]);
  }
  if(elem) {
    if(res == 0) elem.innerHTML = msg1; else elem.innerHTML = msg2;
  }

}

function toggleAllBoxes() {
  if (document.getElementsByTagName) {
    d = document.getElementsByTagName('div');
    for (i = 0; i < d.length; i++) {
      if (d[i].className == 'log') {
        flip(d[i]);
      }
    }
  }
}

// -->
</script>

</head>
<body>
<h2 align='center'>Default test</h2><table border='1' align="center">
<tr>
<td>Tests passed/Failed/Skipped:</td><td>24/1/0</td>
</tr><tr>
<td>Started on:</td><td>Fri Apr 07 16:48:41 EDT 2023</td>
</tr>
<tr><td>Total time:</td><td>44 seconds (44119 ms)</td>
</tr><tr>
<td>Included groups:</td><td></td>
</tr><tr>
<td>Excluded groups:</td><td></td>
</tr>
</table><p/>
<small><i>(Hover the method name to see the test class name)</i></small><p/>
<table width='100%' border='1' class='invocation-failed'>
<tr><td colspan='4' align='center'><b>FAILED TESTS</b></td></tr>
<tr><td><b>Test method</b></td>
<td><b>Attribute(s)</b></td>
<td width="30%"><b>Exception</b></td>
<td width="10%"><b>Time (seconds)</b></td>
<td><b>Instance</b></td>
</tr>
<tr>
<td title='ds.algo.testrunner.DSAlgoTestRunner.runScenario()'><b>runScenario</b><br>Test class: ds.algo.testrunner.DSAlgoTestRunner<br>Test method: Runs Cucumber Scenarios<br>Parameters: "User navigate from Deletion to text editor page", "Validate Linkedlist"</td>
<td><div><pre>org.openqa.selenium.NoSuchElementException: no such element: Unable to locate element: {&quot;method&quot;:&quot;link text&quot;,&quot;selector&quot;:&quot;Try here&gt;&gt;&gt;&quot;}
  (Session info: chrome=111.0.5563.148)
For documentation on this error, please visit: https://selenium.dev/exceptions/#no_such_element
Build info: version: &apos;4.8.3&apos;, revision: &apos;e5e76298c3&apos;
System info: os.name: &apos;Windows 11&apos;, os.arch: &apos;amd64&apos;, os.version: &apos;10.0&apos;, java.version: &apos;17.0.5&apos;
Driver info: org.openqa.selenium.chrome.ChromeDriver
Command: [bac3343760c0c63bce0f46b2e3f0d430, findElement {using=link text, value=Try here&gt;&gt;&gt;}]
Capabilities {acceptInsecureCerts: false, browserName: chrome, browserVersion: 111.0.5563.148, chrome: {chromedriverVersion: 111.0.5563.64 (c710e93d5b63..., userDataDir: C:\Users\prasad\AppData\Loc...}, goog:chromeOptions: {debuggerAddress: localhost:58496}, networkConnectionEnabled: false, pageLoadStrategy: normal, platformName: WINDOWS, proxy: Proxy(), se:cdp: ws://localhost:58496/devtoo..., se:cdpVersion: 111.0.5563.148, setWindowRect: true, strictFileInteractability: false, timeouts: {implicit: 0, pageLoad: 300000, script: 30000}, unhandledPromptBehavior: dismiss and notify, webauthn:extension:credBlob: true, webauthn:extension:largeBlob: true, webauthn:extension:minPinLength: true, webauthn:extension:prf: true, webauthn:virtualAuthenticators: true}
Session ID: bac3343760c0c63bce0f46b2e3f0d430
	at java.base/jdk.internal.reflect.NativeConstructorAccessorImpl.newInstance0(Native Method)
	at java.base/jdk.internal.reflect.NativeConstructorAccessorImpl.newInstance(NativeConstructorAccessorImpl.java:77)
	at java.base/jdk.internal.reflect.DelegatingConstructorAccessorImpl.newInstance(DelegatingConstructorAccessorImpl.java:45)
	at java.base/java.lang.reflect.Constructor.newInstanceWithCaller(Constructor.java:499)
	at java.base/java.lang.reflect.Constructor.newInstance(Constructor.java:480)
	at org.openqa.selenium.remote.codec.w3c.W3CHttpResponseCodec.createException(W3CHttpResponseCodec.java:200)
	at org.openqa.selenium.remote.codec.w3c.W3CHttpResponseCodec.decode(W3CHttpResponseCodec.java:133)
	at org.openqa.selenium.remote.codec.w3c.W3CHttpResponseCodec.decode(W3CHttpResponseCodec.java:53)
	at org.openqa.selenium.remote.HttpCommandExecutor.execute(HttpCommandExecutor.java:193)
	at org.openqa.selenium.remote.service.DriverCommandExecutor.invokeExecute(DriverCommandExecutor.java:183)
	at org.openqa.selenium.remote.service.DriverCommandExecutor.execute(DriverCommandExecutor.java:158)
	at org.openqa.selenium.remote.RemoteWebDriver.execute(RemoteWebDriver.java:543)
	at org.openqa.selenium.remote.ElementLocation$ElementFinder$2.findElement(ElementLocation.java:162)
	at org.openqa.selenium.remote.ElementLocation.findElement(ElementLocation.java:60)
	at org.openqa.selenium.remote.RemoteWebDriver.findElement(RemoteWebDriver.java:352)
	at org.openqa.selenium.remote.RemoteWebDriver.findElement(RemoteWebDriver.java:344)
	at org.openqa.selenium.support.pagefactory.DefaultElementLocator.findElement(DefaultElementLocator.java:70)
	at org.openqa.selenium.support.pagefactory.internal.LocatingElementHandler.invoke(LocatingElementHandler.java:39)
	at jdk.proxy2/jdk.proxy2.$Proxy42.click(Unknown Source)
	at ds.algo.pagefactory.LinkedListPageFactory.tryHereBtnClick(LinkedListPageFactory.java:86)
	at ds.algo.stepdef.LinkedListPageStepDefinition.user_clicks_on_try_here_button(LinkedListPageStepDefinition.java:62)
	at ✽.User clicks on Try here button(file:///D:/selenium/workspace/DSAlgoNew/src/test/resources/features/4_linkedlist.feature:64)
</pre></div><a href='#' onClick='toggleBox("stack-trace1090885142", this, "Click to show all stack frames", "Click to hide stack frames")'>Click to show all stack frames</a>
<div class='stack-trace' id='stack-trace1090885142'><pre>org.openqa.selenium.NoSuchElementException: no such element: Unable to locate element: {&quot;method&quot;:&quot;link text&quot;,&quot;selector&quot;:&quot;Try here&gt;&gt;&gt;&quot;}
  (Session info: chrome=111.0.5563.148)
For documentation on this error, please visit: https://selenium.dev/exceptions/#no_such_element
Build info: version: &apos;4.8.3&apos;, revision: &apos;e5e76298c3&apos;
System info: os.name: &apos;Windows 11&apos;, os.arch: &apos;amd64&apos;, os.version: &apos;10.0&apos;, java.version: &apos;17.0.5&apos;
Driver info: org.openqa.selenium.chrome.ChromeDriver
Command: [bac3343760c0c63bce0f46b2e3f0d430, findElement {using=link text, value=Try here&gt;&gt;&gt;}]
Capabilities {acceptInsecureCerts: false, browserName: chrome, browserVersion: 111.0.5563.148, chrome: {chromedriverVersion: 111.0.5563.64 (c710e93d5b63..., userDataDir: C:\Users\prasad\AppData\Loc...}, goog:chromeOptions: {debuggerAddress: localhost:58496}, networkConnectionEnabled: false, pageLoadStrategy: normal, platformName: WINDOWS, proxy: Proxy(), se:cdp: ws://localhost:58496/devtoo..., se:cdpVersion: 111.0.5563.148, setWindowRect: true, strictFileInteractability: false, timeouts: {implicit: 0, pageLoad: 300000, script: 30000}, unhandledPromptBehavior: dismiss and notify, webauthn:extension:credBlob: true, webauthn:extension:largeBlob: true, webauthn:extension:minPinLength: true, webauthn:extension:prf: true, webauthn:virtualAuthenticators: true}
Session ID: bac3343760c0c63bce0f46b2e3f0d430
	at java.base/jdk.internal.reflect.NativeConstructorAccessorImpl.newInstance0(Native Method)
	at java.base/jdk.internal.reflect.NativeConstructorAccessorImpl.newInstance(NativeConstructorAccessorImpl.java:77)
	at java.base/jdk.internal.reflect.DelegatingConstructorAccessorImpl.newInstance(DelegatingConstructorAccessorImpl.java:45)
	at java.base/java.lang.reflect.Constructor.newInstanceWithCaller(Constructor.java:499)
	at java.base/java.lang.reflect.Constructor.newInstance(Constructor.java:480)
	at org.openqa.selenium.remote.codec.w3c.W3CHttpResponseCodec.createException(W3CHttpResponseCodec.java:200)
	at org.openqa.selenium.remote.codec.w3c.W3CHttpResponseCodec.decode(W3CHttpResponseCodec.java:133)
	at org.openqa.selenium.remote.codec.w3c.W3CHttpResponseCodec.decode(W3CHttpResponseCodec.java:53)
	at org.openqa.selenium.remote.HttpCommandExecutor.execute(HttpCommandExecutor.java:193)
	at org.openqa.selenium.remote.service.DriverCommandExecutor.invokeExecute(DriverCommandExecutor.java:183)
	at org.openqa.selenium.remote.service.DriverCommandExecutor.execute(DriverCommandExecutor.java:158)
	at org.openqa.selenium.remote.RemoteWebDriver.execute(RemoteWebDriver.java:543)
	at org.openqa.selenium.remote.ElementLocation$ElementFinder$2.findElement(ElementLocation.java:162)
	at org.openqa.selenium.remote.ElementLocation.findElement(ElementLocation.java:60)
	at org.openqa.selenium.remote.RemoteWebDriver.findElement(RemoteWebDriver.java:352)
	at org.openqa.selenium.remote.RemoteWebDriver.findElement(RemoteWebDriver.java:344)
	at org.openqa.selenium.support.pagefactory.DefaultElementLocator.findElement(DefaultElementLocator.java:70)
	at org.openqa.selenium.support.pagefactory.internal.LocatingElementHandler.invoke(LocatingElementHandler.java:39)
	at jdk.proxy2/jdk.proxy2.$Proxy42.click(Unknown Source)
	at ds.algo.pagefactory.LinkedListPageFactory.tryHereBtnClick(LinkedListPageFactory.java:86)
	at ds.algo.stepdef.LinkedListPageStepDefinition.user_clicks_on_try_here_button(LinkedListPageStepDefinition.java:62)
	at ✽.User clicks on Try here button(file:///D:/selenium/workspace/DSAlgoNew/src/test/resources/features/4_linkedlist.feature:64)
</pre></div></td>
<td>12</td>
<td>ds.algo.testrunner.DSAlgoTestRunner@43df23d3</td></tr>
</table><p>
<table width='100%' border='1' class='invocation-passed'>
<tr><td colspan='4' align='center'><b>PASSED TESTS</b></td></tr>
<tr><td><b>Test method</b></td>
<td><b>Attribute(s)</b></td>
<td width="30%"><b>Exception</b></td>
<td width="10%"><b>Time (seconds)</b></td>
<td><b>Instance</b></td>
</tr>
<tr>
<td title='ds.algo.testrunner.DSAlgoTestRunner.runScenario()'><b>runScenario</b><br>Test class: ds.algo.testrunner.DSAlgoTestRunner<br>Test method: Runs Cucumber Scenarios<br>Parameters: "User navigate to Graph page from home page", "Validate Graph"</td>
<td></td>
<td>0</td>
<td>ds.algo.testrunner.DSAlgoTestRunner@43df23d3</td></tr>
<tr>
<td title='ds.algo.testrunner.DSAlgoTestRunner.runScenario()'><b>runScenario</b><br>Test class: ds.algo.testrunner.DSAlgoTestRunner<br>Test method: Runs Cucumber Scenarios<br>Parameters: "User gets error when click on Linked List section without sign-in", "Homepage launch"</td>
<td></td>
<td>0</td>
<td>ds.algo.testrunner.DSAlgoTestRunner@43df23d3</td></tr>
<tr>
<td title='ds.algo.testrunner.DSAlgoTestRunner.runScenario()'><b>runScenario</b><br>Test class: ds.algo.testrunner.DSAlgoTestRunner<br>Test method: Runs Cucumber Scenarios<br>Parameters: "User is able to navigate to Register page", "Homepage launch"</td>
<td></td>
<td>0</td>
<td>ds.algo.testrunner.DSAlgoTestRunner@43df23d3</td></tr>
<tr>
<td title='ds.algo.testrunner.DSAlgoTestRunner.runScenario()'><b>runScenario</b><br>Test class: ds.algo.testrunner.DSAlgoTestRunner<br>Test method: Runs Cucumber Scenarios<br>Parameters: "User navigate from Implement Linked List in python to text editor", "Validate Linkedlist"</td>
<td></td>
<td>0</td>
<td>ds.algo.testrunner.DSAlgoTestRunner@43df23d3</td></tr>
<tr>
<td title='ds.algo.testrunner.DSAlgoTestRunner.runScenario()'><b>runScenario</b><br>Test class: ds.algo.testrunner.DSAlgoTestRunner<br>Test method: Runs Cucumber Scenarios<br>Parameters: "User gets error when click on Tree section without sign-in", "Homepage launch"</td>
<td></td>
<td>0</td>
<td>ds.algo.testrunner.DSAlgoTestRunner@43df23d3</td></tr>
<tr>
<td title='ds.algo.testrunner.DSAlgoTestRunner.runScenario()'><b>runScenario</b><br>Test class: ds.algo.testrunner.DSAlgoTestRunner<br>Test method: Runs Cucumber Scenarios<br>Parameters: "User navigates from Create linked list to text editor page", "Validate Linkedlist"</td>
<td></td>
<td>0</td>
<td>ds.algo.testrunner.DSAlgoTestRunner@43df23d3</td></tr>
<tr>
<td title='ds.algo.testrunner.DSAlgoTestRunner.runScenario()'><b>runScenario</b><br>Test class: ds.algo.testrunner.DSAlgoTestRunner<br>Test method: Runs Cucumber Scenarios<br>Parameters: "User navigates from home page to linkedlist page", "Validate Linkedlist"</td>
<td></td>
<td>0</td>
<td>ds.algo.testrunner.DSAlgoTestRunner@43df23d3</td></tr>
<tr>
<td title='ds.algo.testrunner.DSAlgoTestRunner.runScenario()'><b>runScenario</b><br>Test class: ds.algo.testrunner.DSAlgoTestRunner<br>Test method: Runs Cucumber Scenarios<br>Parameters: "User navigate from Insertion to text editor", "Validate Linkedlist"</td>
<td></td>
<td>0</td>
<td>ds.algo.testrunner.DSAlgoTestRunner@43df23d3</td></tr>
<tr>
<td title='ds.algo.testrunner.DSAlgoTestRunner.runScenario()'><b>runScenario</b><br>Test class: ds.algo.testrunner.DSAlgoTestRunner<br>Test method: Runs Cucumber Scenarios<br>Parameters: "Sign in with invalid credentials", "User Login"</td>
<td></td>
<td>1</td>
<td>ds.algo.testrunner.DSAlgoTestRunner@43df23d3</td></tr>
<tr>
<td title='ds.algo.testrunner.DSAlgoTestRunner.runScenario()'><b>runScenario</b><br>Test class: ds.algo.testrunner.DSAlgoTestRunner<br>Test method: Runs Cucumber Scenarios<br>Parameters: "User is able to launch the page successfully", "Homepage launch"</td>
<td></td>
<td>3</td>
<td>ds.algo.testrunner.DSAlgoTestRunner@43df23d3</td></tr>
<tr>
<td title='ds.algo.testrunner.DSAlgoTestRunner.runScenario()'><b>runScenario</b><br>Test class: ds.algo.testrunner.DSAlgoTestRunner<br>Test method: Runs Cucumber Scenarios<br>Parameters: "Register successfully with valid data", "User registration"</td>
<td></td>
<td>3</td>
<td>ds.algo.testrunner.DSAlgoTestRunner@43df23d3</td></tr>
<tr>
<td title='ds.algo.testrunner.DSAlgoTestRunner.runScenario()'><b>runScenario</b><br>Test class: ds.algo.testrunner.DSAlgoTestRunner<br>Test method: Runs Cucumber Scenarios<br>Parameters: "Check Invalid login with data table", "User Login"</td>
<td></td>
<td>5</td>
<td>ds.algo.testrunner.DSAlgoTestRunner@43df23d3</td></tr>
<tr>
<td title='ds.algo.testrunner.DSAlgoTestRunner.runScenario()'><b>runScenario</b><br>Test class: ds.algo.testrunner.DSAlgoTestRunner<br>Test method: Runs Cucumber Scenarios<br>Parameters: "User gets error when click on Graph section without sign-in", "Homepage launch"</td>
<td></td>
<td>0</td>
<td>ds.algo.testrunner.DSAlgoTestRunner@43df23d3</td></tr>
<tr>
<td title='ds.algo.testrunner.DSAlgoTestRunner.runScenario()'><b>runScenario</b><br>Test class: ds.algo.testrunner.DSAlgoTestRunner<br>Test method: Runs Cucumber Scenarios<br>Parameters: "Sign In with valid credentials", "User Login"</td>
<td></td>
<td>1</td>
<td>ds.algo.testrunner.DSAlgoTestRunner@43df23d3</td></tr>
<tr>
<td title='ds.algo.testrunner.DSAlgoTestRunner.runScenario()'><b>runScenario</b><br>Test class: ds.algo.testrunner.DSAlgoTestRunner<br>Test method: Runs Cucumber Scenarios<br>Parameters: "Check Login functionality on the register page", "User registration"</td>
<td></td>
<td>2</td>
<td>ds.algo.testrunner.DSAlgoTestRunner@43df23d3</td></tr>
<tr>
<td title='ds.algo.testrunner.DSAlgoTestRunner.runScenario()'><b>runScenario</b><br>Test class: ds.algo.testrunner.DSAlgoTestRunner<br>Test method: Runs Cucumber Scenarios<br>Parameters: "Click Register button with empty fields", "User registration"</td>
<td></td>
<td>2</td>
<td>ds.algo.testrunner.DSAlgoTestRunner@43df23d3</td></tr>
<tr>
<td title='ds.algo.testrunner.DSAlgoTestRunner.runScenario()'><b>runScenario</b><br>Test class: ds.algo.testrunner.DSAlgoTestRunner<br>Test method: Runs Cucumber Scenarios<br>Parameters: "User navigate from Graph page to text editor", "Validate Graph"</td>
<td></td>
<td>0</td>
<td>ds.algo.testrunner.DSAlgoTestRunner@43df23d3</td></tr>
<tr>
<td title='ds.algo.testrunner.DSAlgoTestRunner.runScenario()'><b>runScenario</b><br>Test class: ds.algo.testrunner.DSAlgoTestRunner<br>Test method: Runs Cucumber Scenarios<br>Parameters: "User navigate from Graph Representations to text editor with invalid code", "Validate Graph"</td>
<td></td>
<td>1</td>
<td>ds.algo.testrunner.DSAlgoTestRunner@43df23d3</td></tr>
<tr>
<td title='ds.algo.testrunner.DSAlgoTestRunner.runScenario()'><b>runScenario</b><br>Test class: ds.algo.testrunner.DSAlgoTestRunner<br>Test method: Runs Cucumber Scenarios<br>Parameters: "User navigate from Graph Representations to text editor", "Validate Graph"</td>
<td></td>
<td>1</td>
<td>ds.algo.testrunner.DSAlgoTestRunner@43df23d3</td></tr>
<tr>
<td title='ds.algo.testrunner.DSAlgoTestRunner.runScenario()'><b>runScenario</b><br>Test class: ds.algo.testrunner.DSAlgoTestRunner<br>Test method: Runs Cucumber Scenarios<br>Parameters: "User navigate from Traversal to text editor", "Validate Linkedlist"</td>
<td></td>
<td>0</td>
<td>ds.algo.testrunner.DSAlgoTestRunner@43df23d3</td></tr>
<tr>
<td title='ds.algo.testrunner.DSAlgoTestRunner.runScenario()'><b>runScenario</b><br>Test class: ds.algo.testrunner.DSAlgoTestRunner<br>Test method: Runs Cucumber Scenarios<br>Parameters: "Sign in with invalid credentials", "User Login"</td>
<td></td>
<td>1</td>
<td>ds.algo.testrunner.DSAlgoTestRunner@43df23d3</td></tr>
<tr>
<td title='ds.algo.testrunner.DSAlgoTestRunner.runScenario()'><b>runScenario</b><br>Test class: ds.algo.testrunner.DSAlgoTestRunner<br>Test method: Runs Cucumber Scenarios<br>Parameters: "User navigate from Types of linked List to text editor page", "Validate Linkedlist"</td>
<td></td>
<td>0</td>
<td>ds.algo.testrunner.DSAlgoTestRunner@43df23d3</td></tr>
<tr>
<td title='ds.algo.testrunner.DSAlgoTestRunner.runScenario()'><b>runScenario</b><br>Test class: ds.algo.testrunner.DSAlgoTestRunner<br>Test method: Runs Cucumber Scenarios<br>Parameters: "User navigates from linked list page to text editor page", "Validate Linkedlist"</td>
<td></td>
<td>0</td>
<td>ds.algo.testrunner.DSAlgoTestRunner@43df23d3</td></tr>
<tr>
<td title='ds.algo.testrunner.DSAlgoTestRunner.runScenario()'><b>runScenario</b><br>Test class: ds.algo.testrunner.DSAlgoTestRunner<br>Test method: Runs Cucumber Scenarios<br>Parameters: "check sign out", "User registration"</td>
<td></td>
<td>0</td>
<td>ds.algo.testrunner.DSAlgoTestRunner@43df23d3</td></tr>
</table><p>
</body>
</html>