<?xml version="1.0" encoding="UTF-8"?>
<!-- Generated by org.testng.reporters.JUnitReportReporter -->
<testsuite hostname="DESKTOP-D3D23G2" failures="0" tests="25" name="ds.algo.testrunner.DSAlgoTestRunner" time="43.530" errors="1" timestamp="2023-04-07T16:49:25 EDT" skipped="0">
  <testcase classname="ds.algo.testrunner.DSAlgoTestRunner" name="runScenario" time="0.206"/>
  <system-out/>
  <testcase classname="ds.algo.testrunner.DSAlgoTestRunner" name="runScenario" time="0.345"/>
  <system-out/>
  <testcase classname="ds.algo.testrunner.DSAlgoTestRunner" name="runScenario" time="0.140"/>
  <system-out/>
  <testcase classname="ds.algo.testrunner.DSAlgoTestRunner" name="runScenario" time="0.619"/>
  <system-out/>
  <testcase classname="ds.algo.testrunner.DSAlgoTestRunner" name="runScenario" time="0.301"/>
  <system-out/>
  <testcase classname="ds.algo.testrunner.DSAlgoTestRunner" name="runScenario" time="0.628"/>
  <system-out/>
  <testcase classname="ds.algo.testrunner.DSAlgoTestRunner" name="runScenario" time="0.195"/>
  <system-out/>
  <testcase classname="ds.algo.testrunner.DSAlgoTestRunner" name="runScenario" time="0.710"/>
  <system-out/>
  <testcase classname="ds.algo.testrunner.DSAlgoTestRunner" name="runScenario" time="12.625">
    <error message="no such element: Unable to locate element: {&quot;method&quot;:&quot;link text&quot;,&quot;selector&quot;:&quot;Try here&gt;&gt;&gt;&quot;}
  (Session info: chrome=111.0.5563.148)
For documentation on this error, please visit: https://selenium.dev/exceptions/#no_such_element
Build info: version: &#039;4.8.3&#039;, revision: &#039;e5e76298c3&#039;
System info: os.name: &#039;Windows 11&#039;, os.arch: &#039;amd64&#039;, os.version: &#039;10.0&#039;, java.version: &#039;17.0.5&#039;
Driver info: org.openqa.selenium.chrome.ChromeDriver
Command: [bac3343760c0c63bce0f46b2e3f0d430, findElement {using=link text, value=Try here&gt;&gt;&gt;}]
Capabilities {acceptInsecureCerts: false, browserName: chrome, browserVersion: 111.0.5563.148, chrome: {chromedriverVersion: 111.0.5563.64 (c710e93d5b63..., userDataDir: C:\Users\prasad\AppData\Loc...}, goog:chromeOptions: {debuggerAddress: localhost:58496}, networkConnectionEnabled: false, pageLoadStrategy: normal, platformName: WINDOWS, proxy: Proxy(), se:cdp: ws://localhost:58496/devtoo..., se:cdpVersion: 111.0.5563.148, setWindowRect: true, strictFileInteractability: false, timeouts: {implicit: 0, pageLoad: 300000, script: 30000}, unhandledPromptBehavior: dismiss and notify, webauthn:extension:credBlob: true, webauthn:extension:largeBlob: true, webauthn:extension:minPinLength: true, webauthn:extension:prf: true, webauthn:virtualAuthenticators: true}
Session ID: bac3343760c0c63bce0f46b2e3f0d430" type="org.openqa.selenium.NoSuchElementException">
      <![CDATA[org.openqa.selenium.NoSuchElementException: no such element: Unable to locate element: {"method":"link text","selector":"Try here>>>"}
  (Session info: chrome=111.0.5563.148)
For documentation on this error, please visit: https://selenium.dev/exceptions/#no_such_element
Build info: version: '4.8.3', revision: 'e5e76298c3'
System info: os.name: 'Windows 11', os.arch: 'amd64', os.version: '10.0', java.version: '17.0.5'
Driver info: org.openqa.selenium.chrome.ChromeDriver
Command: [bac3343760c0c63bce0f46b2e3f0d430, findElement {using=link text, value=Try here>>>}]
Capabilities {acceptInsecureCerts: false, browserName: chrome, browserVersion: 111.0.5563.148, chrome: {chromedriverVersion: 111.0.5563.64 (c710e93d5b63..., userDataDir: C:\Users\prasad\AppData\Loc...}, goog:chromeOptions: {debuggerAddress: localhost:58496}, networkConnectionEnabled: false, pageLoadStrategy: normal, platformName: WINDOWS, proxy: Proxy(), se:cdp: ws://localhost:58496/devtoo..., se:cdpVersion: 111.0.5563.148, setWindowRect: true, strictFileInteractability: false, timeouts: {implicit: 0, pageLoad: 300000, script: 30000}, unhandledPromptBehavior: dismiss and notify, webauthn:extension:credBlob: true, webauthn:extension:largeBlob: true, webauthn:extension:minPinLength: true, webauthn:extension:prf: true, webauthn:virtualAuthenticators: true}
Session ID: bac3343760c0c63bce0f46b2e3f0d430
at java.base/jdk.internal.reflect.NativeConstructorAccessorImpl.newInstance0(Native Method)
at java.base/jdk.internal.reflect.NativeConstructorAccessorImpl.newInstance(NativeConstructorAccessorImpl.java:77)
at java.base/jdk.internal.reflect.DelegatingConstructorAccessorImpl.newInstance(DelegatingConstructorAccessorImpl.java:45)
at java.base/java.lang.reflect.Constructor.newInstanceWithCaller(Constructor.java:499)
at java.base/java.lang.reflect.Constructor.newInstance(Constructor.java:480)
at org.openqa.selenium.remote.codec.w3c.W3CHttpResponseCodec.createException(W3CHttpResponseCodec.java:200)
at org.openqa.selenium.remote.codec.w3c.W3CHttpResponseCodec.decode(W3CHttpResponseCodec.java:133)
at org.openqa.selenium.remote.codec.w3c.W3CHttpResponseCodec.decode(W3CHttpResponseCodec.java:53)
at org.openqa.selenium.remote.HttpCommandExecutor.execute(HttpCommandExecutor.java:193)
at org.openqa.selenium.remote.service.DriverCommandExecutor.invokeExecute(DriverCommandExecutor.java:183)
at org.openqa.selenium.remote.service.DriverCommandExecutor.execute(DriverCommandExecutor.java:158)
at org.openqa.selenium.remote.RemoteWebDriver.execute(RemoteWebDriver.java:543)
at org.openqa.selenium.remote.ElementLocation$ElementFinder$2.findElement(ElementLocation.java:162)
at org.openqa.selenium.remote.ElementLocation.findElement(ElementLocation.java:60)
at org.openqa.selenium.remote.RemoteWebDriver.findElement(RemoteWebDriver.java:352)
at org.openqa.selenium.remote.RemoteWebDriver.findElement(RemoteWebDriver.java:344)
at org.openqa.selenium.support.pagefactory.DefaultElementLocator.findElement(DefaultElementLocator.java:70)
at org.openqa.selenium.support.pagefactory.internal.LocatingElementHandler.invoke(LocatingElementHandler.java:39)
at jdk.proxy2/jdk.proxy2.$Proxy42.click(Unknown Source)
at ds.algo.pagefactory.LinkedListPageFactory.tryHereBtnClick(LinkedListPageFactory.java:86)
at ds.algo.stepdef.LinkedListPageStepDefinition.user_clicks_on_try_here_button(LinkedListPageStepDefinition.java:62)
at âœ½.User clicks on Try here button(file:///D:/selenium/workspace/DSAlgoNew/src/test/resources/features/4_linkedlist.feature:64)
]]>
    </error>
  </testcase> <!-- runScenario -->
  <system-out/>
  <testcase classname="ds.algo.testrunner.DSAlgoTestRunner" name="runScenario" time="1.308"/>
  <system-out/>
  <testcase classname="ds.algo.testrunner.DSAlgoTestRunner" name="runScenario" time="3.507"/>
  <system-out/>
  <testcase classname="ds.algo.testrunner.DSAlgoTestRunner" name="runScenario" time="3.478"/>
  <system-out/>
  <testcase classname="ds.algo.testrunner.DSAlgoTestRunner" name="runScenario" time="5.237"/>
  <system-out/>
  <testcase classname="ds.algo.testrunner.DSAlgoTestRunner" name="runScenario" time="0.311"/>
  <system-out/>
  <testcase classname="ds.algo.testrunner.DSAlgoTestRunner" name="runScenario" time="1.458"/>
  <system-out/>
  <testcase classname="ds.algo.testrunner.DSAlgoTestRunner" name="runScenario" time="2.260"/>
  <system-out/>
  <testcase classname="ds.algo.testrunner.DSAlgoTestRunner" name="runScenario" time="2.078"/>
  <system-out/>
  <testcase classname="ds.algo.testrunner.DSAlgoTestRunner" name="runScenario" time="0.512"/>
  <system-out/>
  <testcase classname="ds.algo.testrunner.DSAlgoTestRunner" name="runScenario" time="1.942"/>
  <system-out/>
  <testcase classname="ds.algo.testrunner.DSAlgoTestRunner" name="runScenario" time="1.755"/>
  <system-out/>
  <testcase classname="ds.algo.testrunner.DSAlgoTestRunner" name="runScenario" time="0.694"/>
  <system-out/>
  <testcase classname="ds.algo.testrunner.DSAlgoTestRunner" name="runScenario" time="1.307"/>
  <system-out/>
  <testcase classname="ds.algo.testrunner.DSAlgoTestRunner" name="runScenario" time="0.676"/>
  <system-out/>
  <testcase classname="ds.algo.testrunner.DSAlgoTestRunner" name="runScenario" time="0.906"/>
  <system-out/>
  <testcase classname="ds.algo.testrunner.DSAlgoTestRunner" name="runScenario" time="0.332"/>
  <system-out/>
</testsuite> <!-- ds.algo.testrunner.DSAlgoTestRunner -->
